openat(AT_FDCWD, "/etc/ld.so.cache", O_RDONLY|O_CLOEXEC) = 3
mmap(NULL, 80359, PROT_READ, MAP_PRIVATE, 3, 0) = 0x7fae5277d000
openat(AT_FDCWD, "/lib/x86_64-linux-gnu/librt.so.1", O_RDONLY|O_CLOEXEC) = 3
read(3, "\177ELF\2\1\1\0\0\0\0\0\0\0\0\0\3\0>\0\1\0\0\0\0\0\0\0\0\0\0\0"..., 832) = 832
mmap(NULL, 8192, PROT_READ|PROT_WRITE, MAP_PRIVATE|MAP_ANONYMOUS, -1, 0) = 0x7fae5277b000
mmap(NULL, 44032, PROT_READ, MAP_PRIVATE|MAP_DENYWRITE, 3, 0) = 0x7fae52770000
mmap(0x7fae52773000, 16384, PROT_READ|PROT_EXEC, MAP_PRIVATE|MAP_FIXED|MAP_DENYWRITE, 3, 0x3000) = 0x7fae52773000
mmap(0x7fae52777000, 4096, PROT_READ, MAP_PRIVATE|MAP_FIXED|MAP_DENYWRITE, 3, 0x7000) = 0x7fae52777000
mmap(0x7fae52779000, 8192, PROT_READ|PROT_WRITE, MAP_PRIVATE|MAP_FIXED|MAP_DENYWRITE, 3, 0x8000) = 0x7fae52779000
openat(AT_FDCWD, "/lib/x86_64-linux-gnu/libc.so.6", O_RDONLY|O_CLOEXEC) = 3
read(3, "\177ELF\2\1\1\3\0\0\0\0\0\0\0\0\3\0>\0\1\0\0\0@y\2\0\0\0\0\0"..., 832) = 832
mmap(NULL, 1938296, PROT_READ, MAP_PRIVATE|MAP_DENYWRITE, 3, 0) = 0x7fae52596000
mmap(0x7fae525bc000, 1409024, PROT_READ|PROT_EXEC, MAP_PRIVATE|MAP_FIXED|MAP_DENYWRITE, 3, 0x26000) = 0x7fae525bc000
mmap(0x7fae52714000, 311296, PROT_READ, MAP_PRIVATE|MAP_FIXED|MAP_DENYWRITE, 3, 0x17e000) = 0x7fae52714000
mmap(0x7fae52761000, 24576, PROT_READ|PROT_WRITE, MAP_PRIVATE|MAP_FIXED|MAP_DENYWRITE, 3, 0x1ca000) = 0x7fae52761000
mmap(0x7fae52767000, 33656, PROT_READ|PROT_WRITE, MAP_PRIVATE|MAP_FIXED|MAP_ANONYMOUS, -1, 0) = 0x7fae52767000
openat(AT_FDCWD, "/lib/x86_64-linux-gnu/libpthread.so.0", O_RDONLY|O_CLOEXEC) = 3
read(3, "\177ELF\2\1\1\0\0\0\0\0\0\0\0\0\3\0>\0\1\0\0\0\300{\0\0\0\0\0\0"..., 832) = 832
mmap(NULL, 132144, PROT_READ, MAP_PRIVATE|MAP_DENYWRITE, 3, 0) = 0x7fae52575000
mmap(0x7fae5257c000, 61440, PROT_READ|PROT_EXEC, MAP_PRIVATE|MAP_FIXED|MAP_DENYWRITE, 3, 0x7000) = 0x7fae5257c000
mmap(0x7fae5258b000, 20480, PROT_READ, MAP_PRIVATE|MAP_FIXED|MAP_DENYWRITE, 3, 0x16000) = 0x7fae5258b000
mmap(0x7fae52590000, 8192, PROT_READ|PROT_WRITE, MAP_PRIVATE|MAP_FIXED|MAP_DENYWRITE, 3, 0x1a000) = 0x7fae52590000
mmap(0x7fae52592000, 13360, PROT_READ|PROT_WRITE, MAP_PRIVATE|MAP_FIXED|MAP_ANONYMOUS, -1, 0) = 0x7fae52592000
mmap(NULL, 12288, PROT_READ|PROT_WRITE, MAP_PRIVATE|MAP_ANONYMOUS, -1, 0) = 0x7fae52572000
openat(AT_FDCWD, "./REQ_PIPE_30817", O_RDONLY) = 3
openat(AT_FDCWD, "./RESP_PIPE_30817", O_WRONLY) = 4
read(3, "\n", 1)                        = 1
read(3, "CREATE_SHM\224{5\0", 14)       = 14
openat(AT_FDCWD, "/dev/shm/QBNRDG7", O_RDWR|O_CREAT|O_NOFOLLOW|O_CLOEXEC, 0664) = 5
mmap(NULL, 3505044, PROT_READ|PROT_WRITE, MAP_SHARED, 5, 0) = 0x7fae5221a000
read(3, "\10", 1)                       = 1
read(3, "MAP_FILE", 8)                  = 8
read(3, "\30", 1)                       = 1
read(3, "test_root/HLW0cU0Riq.dTu", 24) = 24
openat(AT_FDCWD, "test_root/HLW0cU0Riq.dTu", O_RDONLY) = 5
mmap(NULL, 48934, PROT_READ, MAP_PRIVATE, 5, 0) = 0x7fae52785000
read(3, "\36", 1)                       = 1
+++ exited with 0 +++
